Info: Starting: Create block symbol file (.bsf)
Info: qsys-generate C:\Users\Todd\Documents\School\Fall23\Reconfigurable\Final\ADC.qsys --block-symbol-file --output-directory=C:\Users\Todd\Documents\School\Fall23\Reconfigurable\Final\ADC --family="MAX 10" --part=10M50DAF484C7G
Progress: Loading Final/ADC.qsys
Progress: Reading input file
Progress: Adding modular_adc_0 [altera_modular_adc 18.1]
Progress: Parameterizing module modular_adc_0
Progress: Building connections
Progress: Parameterizing connections
Progress: Validating
Progress: Done reading input file
Info: qsys-generate succeeded.
Info: Finished: Create block symbol file (.bsf)
Info: 
Info: Starting: Create HDL design files for synthesis
Info: qsys-generate C:\Users\Todd\Documents\School\Fall23\Reconfigurable\Final\ADC.qsys --synthesis=VHDL --output-directory=C:\Users\Todd\Documents\School\Fall23\Reconfigurable\Final\ADC\synthesis --family="MAX 10" --part=10M50DAF484C7G
Progress: Loading Final/ADC.qsys
Progress: Reading input file
Progress: Adding modular_adc_0 [altera_modular_adc 18.1]
Progress: Parameterizing module modular_adc_0
Progress: Building connections
Progress: Parameterizing connections
Progress: Validating
Progress: Done reading input file
Info: ADC: Generating ADC "ADC" for QUARTUS_SYNTH
Info: modular_adc_0: "ADC" instantiated altera_modular_adc "modular_adc_0"
Info: control_internal: "modular_adc_0" instantiated altera_modular_adc_control "control_internal"
Info: sequencer_internal: "modular_adc_0" instantiated altera_modular_adc_sequencer "sequencer_internal"
Info: sample_store_internal: "modular_adc_0" instantiated altera_modular_adc_sample_store "sample_store_internal"
Info: ADC: Done "ADC" with 5 modules, 14 files
Info: qsys-generate succeeded.
Info: Finished: Create HDL design files for synthesis
